<?xml version="1.0" encoding="utf-8"?><testsuites name="pytest tests"><testsuite name="pytest" errors="0" failures="0" skipped="0" tests="23" time="3.174" timestamp="2026-06-30T03:55:02.889905+00:00" hostname="agent-env-fcf5581a-78be-4120-8794-d8fb01da459d"><testcase classname="tests.backend_test.TestTenantAdmin" name="test_overview" time="0.686" /><testcase classname="tests.backend_test.TestSuperAdmin" name="test_overview" time="0.696" /><testcase classname="tests.backend_test.TestTenantAdmin" name="test_tenant_endpoints[students]" time="0.066" /><testcase classname="tests.backend_test.TestSuperAdmin" name="test_universities_list" time="0.051" /><testcase classname="tests.backend_test.TestSuperAdmin" name="test_ai_toggle" time="0.164" /><testcase classname="tests.backend_test.TestTenantAdmin" name="test_tenant_endpoints[professors]" time="0.047" /><testcase classname="tests.backend_test.TestTenantAdmin" name="test_tenant_endpoints[payments]" time="0.063" /><testcase classname="tests.backend_test.TestTenantAdmin" name="test_tenant_endpoints[payroll]" time="0.051" /><testcase classname="tests.backend_test.TestSuperAdmin" name="test_status_toggle" time="0.170" /><testcase classname="tests.backend_test.TestTenantAdmin" name="test_tenant_endpoints[hall-tickets]" time="0.049" /><testcase classname="tests.backend_test.TestTenantAdmin" name="test_tenant_endpoints[expenses]" time="0.045" /><testcase classname="tests.backend_test.TestTenantAdmin" name="test_tenant_scoped" time="0.133" /><testcase classname="tests.backend_test.TestSuperAdmin" name="test_create_university" time="0.145" /><testcase classname="tests.backend_test.TestAuth" name="test_login_super_success" time="0.313" /><testcase classname="tests.backend_test.TestSuperAdmin" name="test_create_duplicate_university" time="0.107" /><testcase classname="tests.backend_test.TestAuth" name="test_login_tenant_success" time="0.439" /><testcase classname="tests.backend_test.TestRoleIsolation" name="test_tenant_cannot_access_superadmin" time="0.516" /><testcase classname="tests.backend_test.TestRoleIsolation" name="test_super_cannot_access_tenant_admin" time="0.084" /><testcase classname="tests.backend_test.TestAuth" name="test_login_invalid" time="0.288" /><testcase classname="tests.backend_test.TestRoleIsolation" name="test_unauth_superadmin" time="0.050" /><testcase classname="tests.backend_test.TestHealth" name="test_root" time="0.046" /><testcase classname="tests.backend_test.TestAuth" name="test_me_super" time="0.318" /><testcase classname="tests.backend_test.TestAuth" name="test_me_no_token" time="0.047" /></testsuite></testsuites>